<?xml version="1.0" encoding="UTF-8"?>
<!-- Generated by org.testng.reporters.JUnitXMLReporter -->
<testsuite ignored="0" hostname="LIN41006109" failures="0" tests="5" name="Default test" time="0.494" errors="0" timestamp="2022-07-12T16:40:03 IST">
  <testcase classname="tests.ProductTest" name="verifyGetRequest" time="0.004"/>
  <testcase classname="tests.ProductTest" name="verifyGetRequest" time="0.001"/>
  <testcase classname="tests.ProductTest" name="verifyGetRequest" time="0.001"/>
  <testcase classname="tests.ProductTest" name="verifyGetRequest" time="0.001"/>
  <testcase classname="tests.ProductTest" name="verifyGetRequest" time="0.001"/>
</testsuite> <!-- Default test -->
