<?xml version="1.0" encoding="UTF-8"?>
<!-- Generated by org.testng.reporters.JUnitXMLReporter -->
<testsuite ignored="0" hostname="LIN41006109" failures="0" tests="5" name="Default test" time="2.517" errors="0" timestamp="2022-07-13T13:58:38 IST">
  <testcase classname="tests.ProductTest" name="validateRequest" time="1.729"/>
  <testcase classname="tests.ProductTest" name="validateRequest" time="0.058"/>
  <testcase classname="tests.ProductTest" name="validateRequest" time="0.07"/>
  <testcase classname="tests.ProductTest" name="validateRequest" time="0.059"/>
  <testcase classname="tests.ProductTest" name="validateRequest" time="0.055"/>
</testsuite> <!-- Default test -->
