<?xml version="1.0" encoding="UTF-8"?>
<testng-results ignored="0" total="5" passed="5" failed="0" skipped="0">
  <reporter-output>
  </reporter-output>
  <suite started-at="2022-07-12T16:40:03 IST" name="Default suite" finished-at="2022-07-12T16:40:03 IST" duration-ms="494">
    <groups>
    </groups>
    <test started-at="2022-07-12T16:40:03 IST" name="Default test" finished-at="2022-07-12T16:40:03 IST" duration-ms="494">
      <class name="tests.ProductTest">
        <test-method is-config="true" signature="preSetup()[pri:0, instance:tests.ProductTest@6f0ca692]" started-at="2022-07-12T16:40:02 IST" name="preSetup" finished-at="2022-07-12T16:40:03 IST" duration-ms="177" status="PASS">
          <reporter-output>
          </reporter-output>
        </test-method> <!-- preSetup -->
        <test-method is-config="true" signature="setup()[pri:0, instance:tests.ProductTest@6f0ca692]" started-at="2022-07-12T16:40:03 IST" name="setup" finished-at="2022-07-12T16:40:03 IST" duration-ms="459" status="PASS">
          <reporter-output>
          </reporter-output>
        </test-method> <!-- setup -->
        <test-method signature="verifyGetRequest(java.lang.String, java.lang.String, java.lang.String, java.lang.String, java.lang.String, java.lang.String, java.lang.String)[pri:0, instance:tests.ProductTest@6f0ca692]" started-at="2022-07-12T16:40:03 IST" name="verifyGetRequest" data-provider="DataFromExcel" finished-at="2022-07-12T16:40:03 IST" duration-ms="4" status="PASS">
          <params>
            <param index="0">
              <value>
                <![CDATA[Request Type]]>
              </value>
            </param>
            <param index="1">
              <value>
                <![CDATA[Request Uri]]>
              </value>
            </param>
            <param index="2">
              <value>
                <![CDATA[Request Headers]]>
              </value>
            </param>
            <param index="3">
              <value>
                <![CDATA[Request Body]]>
              </value>
            </param>
            <param index="4">
              <value>
                <![CDATA[Request Parameters]]>
              </value>
            </param>
            <param index="5">
              <value>
                <![CDATA[Expected Status Code]]>
              </value>
            </param>
            <param index="6">
              <value>
                <![CDATA[Json Path]]>
              </value>
            </param>
          </params>
          <reporter-output>
          </reporter-output>
        </test-method> <!-- verifyGetRequest -->
        <test-method signature="verifyGetRequest(java.lang.String, java.lang.String, java.lang.String, java.lang.String, java.lang.String, java.lang.String, java.lang.String)[pri:0, instance:tests.ProductTest@6f0ca692]" started-at="2022-07-12T16:40:03 IST" name="verifyGetRequest" data-provider="DataFromExcel" finished-at="2022-07-12T16:40:03 IST" duration-ms="1" status="PASS">
          <params>
            <param index="0">
              <value>
                <![CDATA[GET]]>
              </value>
            </param>
            <param index="1">
              <value>
                <![CDATA[/products]]>
              </value>
            </param>
            <param index="2">
              <value>
                <![CDATA["content-type": "application/json; charset=utf-8"]]>
              </value>
            </param>
            <param index="3">
              <value>
                <![CDATA[NA]]>
              </value>
            </param>
            <param index="4">
              <value>
                <![CDATA[$limit,1]]>
              </value>
            </param>
            <param index="5">
              <value>
                <![CDATA[200.0]]>
              </value>
            </param>
            <param index="6">
              <value>
                <![CDATA[data[0].name,data[1].name,data[2].name]]>
              </value>
            </param>
          </params>
          <reporter-output>
          </reporter-output>
        </test-method> <!-- verifyGetRequest -->
        <test-method signature="verifyGetRequest(java.lang.String, java.lang.String, java.lang.String, java.lang.String, java.lang.String, java.lang.String, java.lang.String)[pri:0, instance:tests.ProductTest@6f0ca692]" started-at="2022-07-12T16:40:03 IST" name="verifyGetRequest" data-provider="DataFromExcel" finished-at="2022-07-12T16:40:03 IST" duration-ms="1" status="PASS">
          <params>
            <param index="0">
              <value>
                <![CDATA[POST]]>
              </value>
            </param>
            <param index="1">
              <value>
                <![CDATA[/products]]>
              </value>
            </param>
            <param index="2">
              <value>
                <![CDATA["content-type": "application/json; charset=utf-8"]]>
              </value>
            </param>
            <param index="3">
              <value>
                <![CDATA[{
"name": "iphone",
"type": "Start Phone",
"price": 1000,
"shipping": 10,
"upc": "string",
"description": "color white, ram 4 gb, processor A12 bionic",
"manufacturer": "Apple California",
"model": "iphone 11",
"url": "string",
"image": "string"
}]]>
              </value>
            </param>
            <param index="4">
              <value>
                <![CDATA[NA]]>
              </value>
            </param>
            <param index="5">
              <value>
                <![CDATA[201.0]]>
              </value>
            </param>
            <param index="6">
              <value>
                <![CDATA[NA]]>
              </value>
            </param>
          </params>
          <reporter-output>
          </reporter-output>
        </test-method> <!-- verifyGetRequest -->
        <test-method signature="verifyGetRequest(java.lang.String, java.lang.String, java.lang.String, java.lang.String, java.lang.String, java.lang.String, java.lang.String)[pri:0, instance:tests.ProductTest@6f0ca692]" started-at="2022-07-12T16:40:03 IST" name="verifyGetRequest" data-provider="DataFromExcel" finished-at="2022-07-12T16:40:03 IST" duration-ms="1" status="PASS">
          <params>
            <param index="0">
              <value>
                <![CDATA[PATCH]]>
              </value>
            </param>
            <param index="1">
              <value>
                <![CDATA[/products]]>
              </value>
            </param>
            <param index="2">
              <value>
                <![CDATA["content-type": "application/json; charset=utf-8"]]>
              </value>
            </param>
            <param index="3">
              <value>
                <![CDATA[{ "name": "iphone",
"type": "Start Phone", 
"price": 1000,
"shipping": 10, 
"upc": "string", 
"description": "color white, ram 4 gb, processor A12 bionic", 
"manufacturer": "Apple California", 
"model": "iphone 11", 
"url": "string", 
"image": "string" 
}]]>
              </value>
            </param>
            <param index="4">
              <value>
                <![CDATA[NA]]>
              </value>
            </param>
            <param index="5">
              <value>
                <![CDATA[201.0]]>
              </value>
            </param>
            <param index="6">
              <value>
                <![CDATA[NA]]>
              </value>
            </param>
          </params>
          <reporter-output>
          </reporter-output>
        </test-method> <!-- verifyGetRequest -->
        <test-method signature="verifyGetRequest(java.lang.String, java.lang.String, java.lang.String, java.lang.String, java.lang.String, java.lang.String, java.lang.String)[pri:0, instance:tests.ProductTest@6f0ca692]" started-at="2022-07-12T16:40:03 IST" name="verifyGetRequest" data-provider="DataFromExcel" finished-at="2022-07-12T16:40:03 IST" duration-ms="1" status="PASS">
          <params>
            <param index="0">
              <value>
                <![CDATA[DELETE]]>
              </value>
            </param>
            <param index="1">
              <value>
                <![CDATA[/products]]>
              </value>
            </param>
            <param index="2">
              <value>
                <![CDATA["content-type": "application/json; charset=utf-8"]]>
              </value>
            </param>
            <param index="3">
              <value>
                <![CDATA[NA]]>
              </value>
            </param>
            <param index="4">
              <value>
                <![CDATA[id,]]>
              </value>
            </param>
            <param index="5">
              <value>
                <![CDATA[200400.0]]>
              </value>
            </param>
            <param index="6">
              <value>
                <![CDATA[NA]]>
              </value>
            </param>
          </params>
          <reporter-output>
          </reporter-output>
        </test-method> <!-- verifyGetRequest -->
      </class> <!-- tests.ProductTest -->
    </test> <!-- Default test -->
  </suite> <!-- Default suite -->
</testng-results>
